# JRE version: Java(TM) SE Runtime Environment (8.0_111-b14) (build 1.8.0_111-b14)
# Java VM: Java HotSpot(TM) Client VM (25.111-b14 mixed mode windows-x86 )
Heap:
 def new generation   total 25792K, used 20309K [0x03c00000, 0x057f0000, 0x19150000)
  eden space 22976K,  76% used [0x03c00000, 0x04d38290, 0x05270000)
  from space 2816K,  95% used [0x05270000, 0x0550d1d8, 0x05530000)
  to   space 2816K,   0% used [0x05530000, 0x05530000, 0x057f0000)
 tenured generation   total 56996K, used 52426K [0x19150000, 0x1c8f9000, 0x43c00000)
   the space 56996K,  91% used [0x19150000, 0x1c482878, 0x1c482a00, 0x1c8f9000)
 Metaspace       used 38671K, capacity 39883K, committed 39936K, reserved 40320K
GC Heap History (10 events):
Event: 179.135 GC heap before
{Heap before GC invocations=107 (full 5):
 def new generation   total 25792K, used 24236K [0x03c00000, 0x057f0000, 0x19150000)
  eden space 22976K, 100% used [0x03c00000, 0x05270000, 0x05270000)
  from space 2816K,  44% used [0x05530000, 0x0566b1b0, 0x057f0000)
  to   space 2816K,   0% used [0x05270000, 0x05270000, 0x05530000)
 tenured generation   total 56996K, used 42923K [0x19150000, 0x1c8f9000, 0x43c00000)
   the space 56996K,  75% used [0x19150000, 0x1bb3ad40, 0x1bb3ae00, 0x1c8f9000)
 Metaspace       used 36941K, capacity 38102K, committed 38144K, reserved 38272K
Event: 179.147 GC heap after
Heap after GC invocations=108 (full 5):
 def new generation   total 25792K, used 1130K [0x03c00000, 0x057f0000, 0x19150000)
  eden space 22976K,   0% used [0x03c00000, 0x03c00000, 0x05270000)
  from space 2816K,  40% used [0x05270000, 0x0538aa90, 0x05530000)
  to   space 2816K,   0% used [0x05530000, 0x05530000, 0x057f0000)
 tenured generation   total 56996K, used 42923K [0x19150000, 0x1c8f9000, 0x43c00000)
   the space 56996K,  75% used [0x19150000, 0x1bb3ad40, 0x1bb3ae00, 0x1c8f9000)
 Metaspace       used 36941K, capacity 38102K, committed 38144K, reserved 38272K
}
Event: 187.197 GC heap before
{Heap before GC invocations=108 (full 5):
 def new generation   total 25792K, used 24106K [0x03c00000, 0x057f0000, 0x19150000)
  eden space 22976K, 100% used [0x03c00000, 0x05270000, 0x05270000)
  from space 2816K,  40% used [0x05270000, 0x0538aa90, 0x05530000)
  to   space 2816K,   0% used [0x05530000, 0x05530000, 0x057f0000)
 tenured generation   total 56996K, used 42923K [0x19150000, 0x1c8f9000, 0x43c00000)
   the space 56996K,  75% used [0x19150000, 0x1bb3ad40, 0x1bb3ae00, 0x1c8f9000)
 Metaspace       used 37387K, capacity 38577K, committed 38656K, reserved 39296K
Event: 187.217 GC heap after
Heap after GC invocations=109 (full 5):
 def new generation   total 25792K, used 2816K [0x03c00000, 0x057f0000, 0x19150000)
  eden space 22976K,   0% used [0x03c00000, 0x03c00000, 0x05270000)
  from space 2816K, 100% used [0x05530000, 0x057f0000, 0x057f0000)
  to   space 2816K,   0% used [0x05270000, 0x05270000, 0x05530000)
 tenured generation   total 56996K, used 44398K [0x19150000, 0x1c8f9000, 0x43c00000)
   the space 56996K,  77% used [0x19150000, 0x1bcabbe0, 0x1bcabc00, 0x1c8f9000)
 Metaspace       used 37387K, capacity 38577K, committed 38656K, reserved 39296K
}
Event: 192.730 GC heap before
{Heap before GC invocations=109 (full 5):
 def new generation   total 25792K, used 25792K [0x03c00000, 0x057f0000, 0x19150000)
  eden space 22976K, 100% used [0x03c00000, 0x05270000, 0x05270000)
  from space 2816K, 100% used [0x05530000, 0x057f0000, 0x057f0000)
  to   space 2816K,   0% used [0x05270000, 0x05270000, 0x05530000)
 tenured generation   total 56996K, used 44398K [0x19150000, 0x1c8f9000, 0x43c00000)
   the space 56996K,  77% used [0x19150000, 0x1bcabbe0, 0x1bcabc00, 0x1c8f9000)
 Metaspace       used 37897K, capacity 39090K, committed 39168K, reserved 39296K
Event: 192.757 GC heap after
Heap after GC invocations=110 (full 5):
 def new generation   total 25792K, used 1809K [0x03c00000, 0x057f0000, 0x19150000)
  eden space 22976K,   0% used [0x03c00000, 0x03c00000, 0x05270000)
  from space 2816K,  64% used [0x05270000, 0x05434718, 0x05530000)
  to   space 2816K,   0% used [0x05530000, 0x05530000, 0x057f0000)
 tenured generation   total 56996K, used 47174K [0x19150000, 0x1c8f9000, 0x43c00000)
   the space 56996K,  82% used [0x19150000, 0x1bf61ae8, 0x1bf61c00, 0x1c8f9000)
 Metaspace       used 37897K, capacity 39090K, committed 39168K, reserved 39296K
}
Event: 193.435 GC heap before
{Heap before GC invocations=110 (full 5):
 def new generation   total 25792K, used 24785K [0x03c00000, 0x057f0000, 0x19150000)
  eden space 22976K, 100% used [0x03c00000, 0x05270000, 0x05270000)
  from space 2816K,  64% used [0x05270000, 0x05434718, 0x05530000)
  to   space 2816K,   0% used [0x05530000, 0x05530000, 0x057f0000)
 tenured generation   total 56996K, used 47174K [0x19150000, 0x1c8f9000, 0x43c00000)
   the space 56996K,  82% used [0x19150000, 0x1bf61ae8, 0x1bf61c00, 0x1c8f9000)
 Metaspace       used 37920K, capacity 39122K, committed 39168K, reserved 39296K
Event: 193.456 GC heap after
Heap after GC invocations=111 (full 5):
 def new generation   total 25792K, used 2816K [0x03c00000, 0x057f0000, 0x19150000)
  eden space 22976K,   0% used [0x03c00000, 0x03c00000, 0x05270000)
  from space 2816K, 100% used [0x05530000, 0x057f0000, 0x057f0000)
  to   space 2816K,   0% used [0x05270000, 0x05270000, 0x05530000)
 tenured generation   total 56996K, used 49666K [0x19150000, 0x1c8f9000, 0x43c00000)
   the space 56996K,  87% used [0x19150000, 0x1c1d0af0, 0x1c1d0c00, 0x1c8f9000)
 Metaspace       used 37920K, capacity 39122K, committed 39168K, reserved 39296K
}
Event: 258.713 GC heap before
{Heap before GC invocations=111 (full 5):
 def new generation   total 25792K, used 25792K [0x03c00000, 0x057f0000, 0x19150000)
  eden space 22976K, 100% used [0x03c00000, 0x05270000, 0x05270000)
  from space 2816K, 100% used [0x05530000, 0x057f0000, 0x057f0000)
  to   space 2816K,   0% used [0x05270000, 0x05270000, 0x05530000)
 tenured generation   total 56996K, used 49666K [0x19150000, 0x1c8f9000, 0x43c00000)
   the space 56996K,  87% used [0x19150000, 0x1c1d0af0, 0x1c1d0c00, 0x1c8f9000)
 Metaspace       used 38218K, capacity 39430K, committed 39552K, reserved 40320K
Event: 258.739 GC heap after
Heap after GC invocations=112 (full 5):
 def new generation   total 25792K, used 2676K [0x03c00000, 0x057f0000, 0x19150000)
  eden space 22976K,   0% used [0x03c00000, 0x03c00000, 0x05270000)
  from space 2816K,  95% used [0x05270000, 0x0550d1d8, 0x05530000)
  to   space 2816K,   0% used [0x05530000, 0x05530000, 0x057f0000)
 tenured generation   total 56996K, used 52426K [0x19150000, 0x1c8f9000, 0x43c00000)
   the space 56996K,  91% used [0x19150000, 0x1c482878, 0x1c482a00, 0x1c8f9000)
 Metaspace       used 38218K, capacity 39430K, committed 39552K, reserved 40320K
}

